<?xml version="1.0" encoding="UTF-8"?>
<testsuite name="ua.qa.edusson.pages.Base" tests="1" skipped="0" failures="0" errors="0" timestamp="2016-12-26T12:12:17" hostname="WIN-JER1VU06OO2" time="42.93">
  <properties/>
  <testcase name="login" classname="ua.qa.edusson.pages.Base" time="42.93"/>
  <system-out><![CDATA[]]></system-out>
  <system-err><![CDATA[]]></system-err>
</testsuite>
