<?xml version="1.0" encoding="UTF-8"?>
<testsuite name="ua.qa.edusson.tests.standartCheck.StandartCheckCreditCardTests" tests="3" skipped="0" failures="0" errors="0" timestamp="2017-01-05T14:33:19" hostname="WIN-JER1VU06OO2" time="1366.45">
  <properties/>
  <testcase name="standartCheck_CardPay" classname="ua.qa.edusson.tests.standartCheck.StandartCheckCreditCardTests" time="149.566"/>
  <testcase name="standartCheck_CardPay" classname="ua.qa.edusson.tests.standartCheck.StandartCheckCreditCardTests" time="231.264"/>
  <testcase name="standartCheck_CardPay" classname="ua.qa.edusson.tests.standartCheck.StandartCheckCreditCardTests" time="232.424"/>
  <system-out><![CDATA[Order ID = 209910
TEST PASSED http://edusson.com/
Order ID = 209917
TEST PASSED http://edubirdie.com/
Order ID = 209923
TEST PASSED http://papersowl.com/
]]></system-out>
  <system-err><![CDATA[]]></system-err>
</testsuite>
