<?xml version="1.0" encoding="UTF-8"?>
<testsuite name="ua.qa.edusson.tests.StandartCheckOnlyEasyBiddingSitesPayPalTests" tests="2" skipped="0" failures="0" errors="0" timestamp="2016-12-28T16:51:08" hostname="WIN-JER1VU06OO2" time="433.933">
  <properties/>
  <testcase name="standartCheck_Only_EasyBidding_Production" classname="ua.qa.edusson.tests.StandartCheckOnlyEasyBiddingSitesPayPalTests" time="215.712"/>
  <testcase name="standartCheck_Only_EasyBidding_Production" classname="ua.qa.edusson.tests.StandartCheckOnlyEasyBiddingSitesPayPalTests" time="207.879"/>
  <system-out><![CDATA[https://www.sandbox.paypal.com/cgi-bin/webscr?cmd=_express-checkout&token=EC-85U26185WH941153L#/checkout/login
/checkout/login
TEST PASSED http://essays.studymoose.com/
https://www.sandbox.paypal.com/cgi-bin/webscr?cmd=_express-checkout&token=EC-37Y86310P48594256#/checkout/review
/checkout/review
TEST PASSED http://customwriting.com/
]]></system-out>
  <system-err><![CDATA[]]></system-err>
</testsuite>
