<?xml version="1.0" encoding="UTF-8"?>
<testsuite name="ua.qa.edusson.tests.standartCheck.StandartCheckCreditCardTests" tests="3" skipped="0" failures="0" errors="0" timestamp="2017-01-11T14:39:25" hostname="WIN-JER1VU06OO2" time="225.704">
  <properties/>
  <testcase name="standartCheck_CardPay" classname="ua.qa.edusson.tests.standartCheck.StandartCheckCreditCardTests" time="135.868"/>
  <testcase name="standartCheck_CardPay" classname="ua.qa.edusson.tests.standartCheck.StandartCheckCreditCardTests" time="82.299"/>
  <testcase name="standartCheck_CardPay" classname="ua.qa.edusson.tests.standartCheck.StandartCheckCreditCardTests" time="0.021"/>
  <system-out><![CDATA[Order ID = 212242
TEST PASSED http://edusson.com/
Order ID = 212244
TEST PASSED http://edubirdie.com/
There is not CardPay on site http://eduzaurus.com/
]]></system-out>
  <system-err><![CDATA[]]></system-err>
</testsuite>
