<?xml version="1.0" encoding="UTF-8"?>
<testsuite name="ua.qa.edusson.tests.standartCheck.StandartCheckPayPalTests" tests="2" skipped="0" failures="0" errors="0" timestamp="2017-01-04T09:26:32" hostname="WIN-JER1VU06OO2" time="469.982">
  <properties/>
  <testcase name="standartCheck_PayPal" classname="ua.qa.edusson.tests.standartCheck.StandartCheckPayPalTests" time="213.022"/>
  <testcase name="standartCheck_PayPal" classname="ua.qa.edusson.tests.standartCheck.StandartCheckPayPalTests" time="245.142"/>
  <system-out><![CDATA[209417
https://www.sandbox.paypal.com/cgi-bin/webscr?cmd=_express-checkout&token=EC-4L210313H0903964N#/checkout/review
/checkout/review
http://edusson.com/order/view/209417
TEST PASSED http://essays.studymoose.com/
209419
https://www.sandbox.paypal.com/cgi-bin/webscr?cmd=_express-checkout&token=EC-2J414876YU9999606#/checkout/login
/checkout/login
http://edusson.com/order/view/209419
TEST PASSED http://customwriting.com/
]]></system-out>
  <system-err><![CDATA[]]></system-err>
</testsuite>
