<?xml version="1.0" encoding="UTF-8"?>
<testsuite name="ua.qa.edusson.tests.standartCheck.ChatTests" tests="1" skipped="0" failures="0" errors="0" timestamp="2017-01-06T14:09:28" hostname="WIN-JER1VU06OO2" time="106.325">
  <properties/>
  <testcase name="chatTesting" classname="ua.qa.edusson.tests.standartCheck.ChatTests" time="106.325"/>
  <system-out><![CDATA[1483711841490
1483711841490
TEST PASSED
]]></system-out>
  <system-err><![CDATA[]]></system-err>
</testsuite>
