<?xml version="1.0" encoding="UTF-8"?>
<testsuite name="ua.qa.edusson.tests.StandartCheckNotEasyBiddingSitesEdussonGatewayTests" tests="2" skipped="0" failures="0" errors="0" timestamp="2016-12-28T16:41:29" hostname="WIN-JER1VU06OO2" time="565.96">
  <properties/>
  <testcase name="standartCheck_CreditCard_Production_Not_EasyBidding" classname="ua.qa.edusson.tests.StandartCheckNotEasyBiddingSitesEdussonGatewayTests" time="275.28"/>
  <testcase name="standartCheck_CreditCard_Production_Not_EasyBidding" classname="ua.qa.edusson.tests.StandartCheckNotEasyBiddingSitesEdussonGatewayTests" time="278.748"/>
  <system-out><![CDATA[TEST PASSED http://edubirdie.com/
TEST PASSED http://papersowl.com/
]]></system-out>
  <system-err><![CDATA[]]></system-err>
</testsuite>
