<?xml version="1.0" encoding="UTF-8"?>
<testsuite name="ua.qa.edusson.tests.StandartCheckVasChooseBestWritersPayPalTests" tests="1" skipped="0" failures="0" errors="0" timestamp="2017-01-05T14:36:47" hostname="WIN-JER1VU06OO2" time="374.827">
  <properties/>
  <testcase name="standartCheck_Vas_ChooseBestWriter_Production" classname="ua.qa.edusson.tests.StandartCheckVasChooseBestWritersPayPalTests" time="374.827"/>
  <system-out><![CDATA[209914
TEST PASSED http://essayvikings.com/
]]></system-out>
  <system-err><![CDATA[]]></system-err>
</testsuite>
