<?xml version="1.0" encoding="UTF-8"?>
<testsuite name="ua.qa.edusson.tests.TestUserAutorizationProduction" tests="5" skipped="0" failures="0" errors="0" timestamp="2016-08-15T13:27:47" hostname="WIN-JER1VU06OO2" time="58.956">
  <properties/>
  <testcase name="customerAuthorization" classname="ua.qa.edusson.tests.TestUserAutorizationProduction" time="11.596"/>
  <testcase name="loginAsDeactivateUser" classname="ua.qa.edusson.tests.TestUserAutorizationProduction" time="9.323"/>
  <testcase name="loginWithEmptyEmail" classname="ua.qa.edusson.tests.TestUserAutorizationProduction" time="7.428"/>
  <testcase name="loginWithWrongPassword" classname="ua.qa.edusson.tests.TestUserAutorizationProduction" time="9.478"/>
  <testcase name="writerAuthorization" classname="ua.qa.edusson.tests.TestUserAutorizationProduction" time="11.546"/>
  <system-out><![CDATA[]]></system-out>
  <system-err><![CDATA[]]></system-err>
</testsuite>
