<?xml version="1.0" encoding="UTF-8"?>
<testsuite name="ua.qa.edusson.tests.standartCheck.StandartCheckCreditCardTests" tests="1" skipped="0" failures="0" errors="0" timestamp="2017-01-04T15:28:00" hostname="WIN-JER1VU06OO2" time="245.999">
  <properties/>
  <testcase name="standartCheck_CardPay" classname="ua.qa.edusson.tests.standartCheck.StandartCheckCreditCardTests" time="245.999"/>
  <system-out><![CDATA[209506
TEST PASSED http://studyfaq.com/
]]></system-out>
  <system-err><![CDATA[]]></system-err>
</testsuite>
