<?xml version="1.0" encoding="UTF-8"?>
<testsuite name="ua.qa.edusson.tests.standartCheck.StandartCheckPayPalTests" tests="2" skipped="0" failures="0" errors="0" timestamp="2017-01-06T14:18:22" hostname="WIN-JER1VU06OO2" time="352.056">
  <properties/>
  <testcase name="standartCheck_PayPal" classname="ua.qa.edusson.tests.standartCheck.StandartCheckPayPalTests" time="158.698"/>
  <testcase name="standartCheck_PayPal" classname="ua.qa.edusson.tests.standartCheck.StandartCheckPayPalTests" time="184.001"/>
  <system-out><![CDATA[Order ID = 210329
TEST PASSED http://essays.studymoose.com/
Order ID = 210330
TEST PASSED http://customwriting.com/
]]></system-out>
  <system-err><![CDATA[]]></system-err>
</testsuite>
